<?xml version="1.0" encoding="UTF-8"?>
<!-- Generated by org.testng.reporters.JUnitXMLReporter -->
<testsuite ignored="0" hostname="LAPTOP-CR0TLABH" failures="0" tests="3" name="Test" time="6.153" errors="0" timestamp="2023-06-07T11:24:51 IST">
  <testcase classname="testClassPackage.Post_TC_1" name="execute" time="3.584"/>
  <testcase classname="testClassPackage.Post_TC_2" name="execute" time="1.173"/>
  <testcase classname="testClassPackage.Post_TC_3" name="execute" time="1.225"/>
</testsuite> <!-- Test -->
