<?xml version="1.0" encoding="UTF-8"?>
<testng-results ignored="0" total="3" passed="3" failed="0" skipped="0">
  <reporter-output>
  </reporter-output>
  <suite started-at="2023-06-07T11:24:45 IST" name="Suite" finished-at="2023-06-07T11:24:51 IST" duration-ms="6153">
    <groups>
    </groups>
    <test started-at="2023-06-07T11:24:45 IST" name="Test" finished-at="2023-06-07T11:24:51 IST" duration-ms="6153">
      <class name="testClassPackage.Post_TC_1">
        <test-method signature="execute()[pri:0, instance:testClassPackage.Post_TC_1@117159c0]" started-at="2023-06-07T11:24:45 IST" name="execute" finished-at="2023-06-07T11:24:48 IST" duration-ms="3584" status="PASS">
          <reporter-output>
          </reporter-output>
        </test-method> <!-- execute -->
      </class> <!-- testClassPackage.Post_TC_1 -->
      <class name="testClassPackage.Post_TC_2">
        <test-method signature="execute()[pri:0, instance:testClassPackage.Post_TC_2@7161d8d1]" started-at="2023-06-07T11:24:48 IST" name="execute" finished-at="2023-06-07T11:24:50 IST" duration-ms="1173" status="PASS">
          <reporter-output>
          </reporter-output>
        </test-method> <!-- execute -->
      </class> <!-- testClassPackage.Post_TC_2 -->
      <class name="testClassPackage.Post_TC_3">
        <test-method signature="execute()[pri:0, instance:testClassPackage.Post_TC_3@74e28667]" started-at="2023-06-07T11:24:50 IST" name="execute" finished-at="2023-06-07T11:24:51 IST" duration-ms="1225" status="PASS">
          <reporter-output>
          </reporter-output>
        </test-method> <!-- execute -->
      </class> <!-- testClassPackage.Post_TC_3 -->
    </test> <!-- Test -->
  </suite> <!-- Suite -->
</testng-results>
